<?xml version="1.0" encoding="UTF-8"?>
<!-- Generated by org.testng.reporters.JUnitXMLReporter -->
<testsuite ignored="0" hostname="LAPTOP-NJ20DN1T" failures="0" tests="5" name="Test" time="29.684" errors="0" timestamp="25 Feb 2022 07:07:50 GMT">
  <testcase classname="test.CreateUserAndTask" name="createTask" time="1.496"/>
  <testcase classname="test.CreateUserAndTask" name="createUser" time="1.59"/>
  <testcase classname="test.VerifyTab" name="timeTrack" time="3.026"/>
  <testcase classname="test.VerifyTab" name="users" time="0.803"/>
  <testcase classname="test.VerifyTab" name="reports" time="0.531"/>
</testsuite> <!-- Test -->
